# JRE version: OpenJDK Runtime Environment (17.0.6) (build 17.0.6+0-b2043.56-10027231)
# Java VM: OpenJDK 64-Bit Server VM (17.0.6+0-b2043.56-10027231, mixed mode, tiered, compressed oops, compressed class ptrs, g1 gc, windows-amd64)
GC Precious Log:
 CPUs: 4 total, 4 available
 Memory: 7843M
 Large Page Support: Disabled
 NUMA Support: Disabled
 Compressed Oops: Enabled (32-bit)
 Heap Region Size: 1M
 Heap Min Capacity: 8M
 Heap Initial Capacity: 124M
 Heap Max Capacity: 1536M
 Pre-touch: Disabled
 Parallel Workers: 4
 Concurrent Workers: 1
 Concurrent Refinement Workers: 4
 Periodic GC: Disabled
Heap:
 garbage-first heap   total 155648K, used 75788K [0x00000000a0000000, 0x0000000100000000)
  region size 1024K, 3 young (3072K), 3 survivors (3072K)
 Metaspace       used 81572K, committed 82176K, reserved 1122304K
  class space    used 10532K, committed 10816K, reserved 1048576K
GC Heap History (20 events):
Event: 428.083 GC heap after
{Heap after GC invocations=133 (full 0):
 garbage-first heap   total 155648K, used 73863K [0x00000000a0000000, 0x0000000100000000)
  region size 1024K, 5 young (5120K), 5 survivors (5120K)
 Metaspace       used 75967K, committed 76544K, reserved 1122304K
  class space    used 9843K, committed 10112K, reserved 1048576K
}
Event: 431.964 GC heap before
{Heap before GC invocations=133 (full 0):
 garbage-first heap   total 155648K, used 104583K [0x00000000a0000000, 0x0000000100000000)
  region size 1024K, 36 young (36864K), 5 survivors (5120K)
 Metaspace       used 78553K, committed 79168K, reserved 1122304K
  class space    used 10151K, committed 10432K, reserved 1048576K
}
Event: 432.003 GC heap after
{Heap after GC invocations=134 (full 0):
 garbage-first heap   total 155648K, used 76146K [0x00000000a0000000, 0x0000000100000000)
  region size 1024K, 7 young (7168K), 7 survivors (7168K)
 Metaspace       used 78553K, committed 79168K, reserved 1122304K
  class space    used 10151K, committed 10432K, reserved 1048576K
}
Event: 438.737 GC heap before
{Heap before GC invocations=135 (full 0):
 garbage-first heap   total 155648K, used 126322K [0x00000000a0000000, 0x0000000100000000)
  region size 1024K, 56 young (57344K), 7 survivors (7168K)
 Metaspace       used 81574K, committed 82176K, reserved 1122304K
  class space    used 10547K, committed 10816K, reserved 1048576K
}
Event: 438.774 GC heap after
{Heap after GC invocations=136 (full 0):
 garbage-first heap   total 155648K, used 77635K [0x00000000a0000000, 0x0000000100000000)
  region size 1024K, 5 young (5120K), 5 survivors (5120K)
 Metaspace       used 81574K, committed 82176K, reserved 1122304K
  class space    used 10547K, committed 10816K, reserved 1048576K
}
Event: 438.800 GC heap before
{Heap before GC invocations=136 (full 0):
 garbage-first heap   total 155648K, used 79683K [0x00000000a0000000, 0x0000000100000000)
  region size 1024K, 7 young (7168K), 5 survivors (5120K)
 Metaspace       used 81574K, committed 82176K, reserved 1122304K
  class space    used 10547K, committed 10816K, reserved 1048576K
}
Event: 438.819 GC heap after
{Heap after GC invocations=137 (full 0):
 garbage-first heap   total 155648K, used 72334K [0x00000000a0000000, 0x0000000100000000)
  region size 1024K, 1 young (1024K), 1 survivors (1024K)
 Metaspace       used 81574K, committed 82176K, reserved 1122304K
  class space    used 10547K, committed 10816K, reserved 1048576K
}
Event: 440.292 GC heap before
{Heap before GC invocations=137 (full 0):
 garbage-first heap   total 155648K, used 127630K [0x00000000a0000000, 0x0000000100000000)
  region size 1024K, 55 young (56320K), 1 survivors (1024K)
 Metaspace       used 81592K, committed 82176K, reserved 1122304K
  class space    used 10547K, committed 10816K, reserved 1048576K
}
Event: 440.296 GC heap after
{Heap after GC invocations=138 (full 0):
 garbage-first heap   total 155648K, used 72998K [0x00000000a0000000, 0x0000000100000000)
  region size 1024K, 2 young (2048K), 2 survivors (2048K)
 Metaspace       used 81592K, committed 82176K, reserved 1122304K
  class space    used 10547K, committed 10816K, reserved 1048576K
}
Event: 440.992 GC heap before
{Heap before GC invocations=139 (full 0):
 garbage-first heap   total 155648K, used 128294K [0x00000000a0000000, 0x0000000100000000)
  region size 1024K, 56 young (57344K), 2 survivors (2048K)
 Metaspace       used 81553K, committed 82176K, reserved 1122304K
  class space    used 10532K, committed 10816K, reserved 1048576K
}
Event: 440.999 GC heap after
{Heap after GC invocations=140 (full 0):
 garbage-first heap   total 155648K, used 74003K [0x00000000a0000000, 0x0000000100000000)
  region size 1024K, 3 young (3072K), 3 survivors (3072K)
 Metaspace       used 81553K, committed 82176K, reserved 1122304K
  class space    used 10532K, committed 10816K, reserved 1048576K
}
Event: 441.119 GC heap before
{Heap before GC invocations=140 (full 0):
 garbage-first heap   total 155648K, used 78099K [0x00000000a0000000, 0x0000000100000000)
  region size 1024K, 7 young (7168K), 3 survivors (3072K)
 Metaspace       used 81553K, committed 82176K, reserved 1122304K
  class space    used 10532K, committed 10816K, reserved 1048576K
}
Event: 441.133 GC heap after
{Heap after GC invocations=141 (full 0):
 garbage-first heap   total 155648K, used 73044K [0x00000000a0000000, 0x0000000100000000)
  region size 1024K, 1 young (1024K), 1 survivors (1024K)
 Metaspace       used 81553K, committed 82176K, reserved 1122304K
  class space    used 10532K, committed 10816K, reserved 1048576K
}
Event: 442.166 GC heap before
{Heap before GC invocations=141 (full 0):
 garbage-first heap   total 155648K, used 129364K [0x00000000a0000000, 0x0000000100000000)
  region size 1024K, 56 young (57344K), 1 survivors (1024K)
 Metaspace       used 81560K, committed 82176K, reserved 1122304K
  class space    used 10532K, committed 10816K, reserved 1048576K
}
Event: 442.169 GC heap after
{Heap after GC invocations=142 (full 0):
 garbage-first heap   total 155648K, used 73615K [0x00000000a0000000, 0x0000000100000000)
  region size 1024K, 1 young (1024K), 1 survivors (1024K)
 Metaspace       used 81560K, committed 82176K, reserved 1122304K
  class space    used 10532K, committed 10816K, reserved 1048576K
}
Event: 443.387 GC heap before
{Heap before GC invocations=143 (full 0):
 garbage-first heap   total 155648K, used 130959K [0x00000000a0000000, 0x0000000100000000)
  region size 1024K, 57 young (58368K), 1 survivors (1024K)
 Metaspace       used 81566K, committed 82176K, reserved 1122304K
  class space    used 10532K, committed 10816K, reserved 1048576K
}
Event: 443.393 GC heap after
{Heap after GC invocations=144 (full 0):
 garbage-first heap   total 155648K, used 74699K [0x00000000a0000000, 0x0000000100000000)
  region size 1024K, 2 young (2048K), 2 survivors (2048K)
 Metaspace       used 81566K, committed 82176K, reserved 1122304K
  class space    used 10532K, committed 10816K, reserved 1048576K
}
Event: 443.474 GC heap before
{Heap before GC invocations=144 (full 0):
 garbage-first heap   total 155648K, used 79819K [0x00000000a0000000, 0x0000000100000000)
  region size 1024K, 7 young (7168K), 2 survivors (2048K)
 Metaspace       used 81566K, committed 82176K, reserved 1122304K
  class space    used 10532K, committed 10816K, reserved 1048576K
}
Event: 443.493 GC heap after
{Heap after GC invocations=145 (full 0):
 garbage-first heap   total 155648K, used 73953K [0x00000000a0000000, 0x0000000100000000)
  region size 1024K, 1 young (1024K), 1 survivors (1024K)
 Metaspace       used 81566K, committed 82176K, reserved 1122304K
  class space    used 10532K, committed 10816K, reserved 1048576K
}
Event: 444.546 GC heap before
{Heap before GC invocations=145 (full 0):
 garbage-first heap   total 155648K, used 131297K [0x00000000a0000000, 0x0000000100000000)
  region size 1024K, 57 young (58368K), 1 survivors (1024K)
 Metaspace       used 81572K, committed 82176K, reserved 1122304K
  class space    used 10532K, committed 10816K, reserved 1048576K
}

